Standard Commons Logging discovery in action with spring-jcl: please remove commons-logging.jar from classpath in order to avoid potential conflicts

  .   ____          _            __ _ _
 /\\ / ___'_ __ _ _(_)_ __  __ _ \ \ \ \
( ( )\___ | '_ | '_| | '_ \/ _` | \ \ \ \
 \\/  ___)| |_)| | | | | || (_| |  ) ) ) )
  '  |____| .__|_| |_|_| |_\__, | / / / /
 =========|_|==============|___/=/_/_/_/
 :: Spring Boot ::               (v3.1.12)

2026-05-31T12:46:59.136-03:00  INFO 11248 --- [           main] c.mellsell.MellsellBackendApplication    : Starting MellsellBackendApplication v0.0.1-SNAPSHOT using Java 21.0.10 with PID 11248 (/home/teteu/mellsell-backend/target/mellsell-backend-0.0.1-SNAPSHOT.jar started by teteu in /home/teteu/mellsell-backend)
2026-05-31T12:46:59.139-03:00  INFO 11248 --- [           main] c.mellsell.MellsellBackendApplication    : The following 1 profile is active: "h2"
2026-05-31T12:47:00.091-03:00  INFO 11248 --- [           main] .s.d.r.c.RepositoryConfigurationDelegate : Bootstrapping Spring Data JPA repositories in DEFAULT mode.
2026-05-31T12:47:00.202-03:00  INFO 11248 --- [           main] .s.d.r.c.RepositoryConfigurationDelegate : Finished Spring Data repository scanning in 100 ms. Found 7 JPA repository interfaces.
2026-05-31T12:47:00.952-03:00  INFO 11248 --- [           main] o.s.b.w.embedded.tomcat.TomcatWebServer  : Tomcat initialized with port(s): 8080 (http)
2026-05-31T12:47:00.963-03:00  INFO 11248 --- [           main] o.apache.catalina.core.StandardService   : Starting service [Tomcat]
2026-05-31T12:47:00.963-03:00  INFO 11248 --- [           main] o.apache.catalina.core.StandardEngine    : Starting Servlet engine: [Apache Tomcat/10.1.24]
2026-05-31T12:47:01.035-03:00  INFO 11248 --- [           main] o.a.c.c.C.[Tomcat].[localhost].[/]       : Initializing Spring embedded WebApplicationContext
2026-05-31T12:47:01.036-03:00  INFO 11248 --- [           main] w.s.c.ServletWebServerApplicationContext : Root WebApplicationContext: initialization completed in 1817 ms
Standard Commons Logging discovery in action with spring-jcl: please remove commons-logging.jar from classpath in order to avoid potential conflicts
2026-05-31T12:47:01.104-03:00  INFO 11248 --- [           main] com.zaxxer.hikari.HikariDataSource       : HikariPool-1 - Starting...
2026-05-31T12:47:01.415-03:00  INFO 11248 --- [           main] com.zaxxer.hikari.pool.HikariPool        : HikariPool-1 - Added connection conn0: url=jdbc:h2:mem:mellsell user=SA
2026-05-31T12:47:01.418-03:00  INFO 11248 --- [           main] com.zaxxer.hikari.HikariDataSource       : HikariPool-1 - Start completed.
2026-05-31T12:47:01.432-03:00  INFO 11248 --- [           main] o.s.b.a.h2.H2ConsoleAutoConfiguration    : H2 console available at '/h2-console'. Database available at 'jdbc:h2:mem:mellsell'
2026-05-31T12:47:01.622-03:00  INFO 11248 --- [           main] o.hibernate.jpa.internal.util.LogHelper  : HHH000204: Processing PersistenceUnitInfo [name: default]
2026-05-31T12:47:01.703-03:00  INFO 11248 --- [           main] org.hibernate.Version                    : HHH000412: Hibernate ORM core version 6.2.25.Final
2026-05-31T12:47:01.707-03:00  INFO 11248 --- [           main] org.hibernate.cfg.Environment            : HHH000406: Using bytecode reflection optimizer
2026-05-31T12:47:02.018-03:00  INFO 11248 --- [           main] o.s.o.j.p.SpringPersistenceUnitInfo      : No LoadTimeWeaver setup: ignoring JPA class transformer
2026-05-31T12:47:03.339-03:00  INFO 11248 --- [           main] o.h.e.t.j.p.i.JtaPlatformInitiator       : HHH000489: No JTA platform available (set 'hibernate.transaction.jta.platform' to enable JTA platform integration)
2026-05-31T12:47:03.424-03:00  INFO 11248 --- [           main] j.LocalContainerEntityManagerFactoryBean : Initialized JPA EntityManagerFactory for persistence unit 'default'
2026-05-31T12:47:03.771-03:00  INFO 11248 --- [           main] o.s.d.j.r.query.QueryEnhancerFactory     : Hibernate is in classpath; If applicable, HQL parser will be used.
2026-05-31T12:47:05.382-03:00  WARN 11248 --- [           main] JpaBaseConfiguration$JpaWebConfiguration : spring.jpa.open-in-view is enabled by default. Therefore, database queries may be performed during view rendering. Explicitly configure spring.jpa.open-in-view to disable this warning
2026-05-31T12:47:05.738-03:00  INFO 11248 --- [           main] o.s.s.web.DefaultSecurityFilterChain     : Will secure any request with [org.springframework.security.web.session.DisableEncodeUrlFilter@705dc1a6, org.springframework.security.web.context.request.async.WebAsyncManagerIntegrationFilter@4a45ff31, org.springframework.security.web.context.SecurityContextHolderFilter@4dc16fc9, org.springframework.security.web.header.HeaderWriterFilter@75b25ec3, org.springframework.web.filter.CorsFilter@7af7c9aa, org.springframework.security.web.authentication.logout.LogoutFilter@74070994, com.mellsell.auth.jwt.JwtAuthenticationFilter@2407a36c, org.springframework.security.web.savedrequest.RequestCacheAwareFilter@24890021, org.springframework.security.web.servletapi.SecurityContextHolderAwareRequestFilter@27422187, org.springframework.security.web.authentication.AnonymousAuthenticationFilter@208b8425, org.springframework.security.web.session.SessionManagementFilter@eda7dd3, org.springframework.security.web.access.ExceptionTranslationFilter@533a27f8, org.springframework.security.web.access.intercept.AuthorizationFilter@2932721e]
2026-05-31T12:47:06.099-03:00  INFO 11248 --- [           main] o.s.b.w.embedded.tomcat.TomcatWebServer  : Tomcat started on port(s): 8080 (http) with context path ''
2026-05-31T12:47:06.118-03:00  INFO 11248 --- [           main] c.mellsell.MellsellBackendApplication    : Started MellsellBackendApplication in 7.436 seconds (process running for 7.888)
2026-05-31T12:47:06.304-03:00  INFO 11248 --- [nio-8080-exec-1] o.a.c.c.C.[Tomcat].[localhost].[/]       : Initializing Spring DispatcherServlet 'dispatcherServlet'
2026-05-31T12:47:06.304-03:00  INFO 11248 --- [nio-8080-exec-1] o.s.web.servlet.DispatcherServlet        : Initializing Servlet 'dispatcherServlet'
2026-05-31T12:47:06.306-03:00  INFO 11248 --- [nio-8080-exec-1] o.s.web.servlet.DispatcherServlet        : Completed initialization in 1 ms
2026-05-31T12:47:06.435-03:00  INFO 11248 --- [           main] c.m.auth.config.AdminDataInitializer     : Admin user created: francatorresmatheus@gmail.com
2026-05-31T12:47:06.913-03:00  INFO 11248 --- [ionShutdownHook] j.LocalContainerEntityManagerFactoryBean : Closing JPA EntityManagerFactory for persistence unit 'default'
2026-05-31T12:47:06.919-03:00  INFO 11248 --- [ionShutdownHook] com.zaxxer.hikari.HikariDataSource       : HikariPool-1 - Shutdown initiated...
2026-05-31T12:47:06.928-03:00  INFO 11248 --- [ionShutdownHook] com.zaxxer.hikari.HikariDataSource       : HikariPool-1 - Shutdown completed.
